{"level":"info","message":"This is an additional log message."}
{"level":"info","message":"This is an additional log message."}
{"level":"info","message":"This is an additional log message."}
{"level":"info","message":"This is an additional log message."}
{"level":"info","message":"This is an additional log message."}
{"level":"info","message":"This is an additional log message."}
{"level":"info","message":"This is an additional log message."}
{"level":"info","message":"This is an additional log message."}
{"level":"info","message":"This is an additional log message."}
{"level":"info","message":"This is an additional log message."}
{"level":"info","message":"This is an additional log message."}
{"level":"info","message":"This is an additional log message."}
{"level":"info","message":"This is an additional log message."}
{"level":"info","message":"This is an additional log message."}
{"level":"info","message":"This is an additional log message."}
{"level":"info","message":"This is an additional log message."}
{"level":"info","message":"This is an additional log message."}
{"level":"info","message":"This is an additional log message."}
{"level":"info","message":"This is an additional log message."}
{"level":"info","message":"This is an additional log message."}
{"level":"error","message":"error"}
{"level":"warn","message":"warn"}
{"level":"info","message":"info"}
{"level":"info","message":"Server is running on port 3000"}
{"level":"error","message":"error"}
{"level":"warn","message":"warn"}
{"level":"info","message":"info"}
{"level":"info","message":"Server is running on port 3000"}
{"level":"error","message":"error"}
{"level":"warn","message":"warn"}
{"level":"info","message":"info"}
{"level":"info","message":"Server is running on port 3000"}
{"level":"error","message":"error"}
{"level":"warn","message":"warn"}
{"level":"info","message":"info"}
{"level":"info","message":"Server is running on port 3000"}
{"level":"error","message":"error"}
{"level":"warn","message":"warn"}
{"level":"info","message":"info"}
{"level":"info","message":"Server is running on port 3000"}
{"level":"error","message":"error"}
{"level":"warn","message":"warn"}
{"level":"info","message":"info"}
{"level":"info","message":"Server is running on port 3000"}
{"level":"error","message":"error"}
{"level":"warn","message":"warn"}
{"level":"info","message":"info"}
{"level":"info","message":"Server is running on port 3000"}
{"level":"error","message":"error"}
{"level":"warn","message":"warn"}
{"level":"info","message":"info"}
{"level":"info","message":"Server is running on port 3000"}
{"level":"error","message":"This is level 0 ; error"}
{"level":"warn","message":"This is level 1 ; warn"}
{"level":"info","message":"This is level 2 ; info"}
{"level":"info","message":"Server is running on port 3000"}
{"level":"error","message":"This is level 0 ; error"}
{"level":"warn","message":"This is level 1 ; warn"}
{"level":"info","message":"This is level 2 ; info"}
{"level":"info","message":"__________________________Server is running on port 3000"}
{"level":"error","message":"This is level 0 ; error"}
{"level":"warn","message":"This is level 1 ; warn"}
{"level":"info","message":"This is level 2 ; info"}
{"level":"info","message":"Hey !!!!!!!!!!!! :) Server is running on port 3000"}
{"level":"error","message":"This is level 0 ; error"}
{"level":"warn","message":"This is level 1 ; warn"}
{"level":"info","message":"This is level 2 ; info"}
{"level":"info","message":"Hey !!!!!!!!!!!! :) Server is running on port 3000"}
{"level":"error","message":"This is level 0 ; error"}
{"level":"warn","message":"This is level 1 ; warn"}
{"level":"info","message":"This is level 2 ; info"}
{"level":"info","message":"Hey !!!!!!!!!!!! :) Server is running on port 3000"}
{"level":"error","message":"This is level 0 ; error"}
{"level":"warn","message":"This is level 1 ; warn"}
{"level":"info","message":"This is level 2 ; info"}
{"level":"info","message":"Hey !!!!!!!!!!!! :) Server is running on port 3000"}
{"level":"error","message":"This is level 0 ; error"}
{"level":"warn","message":"This is level 1 ; warn"}
{"level":"info","message":"This is level 2 ; info"}
{"level":"info","message":"Hey !!!!!!!!!!!! :) Server is running on port 3000"}
{"level":"error","message":"This is level 0 ; error"}
{"level":"warn","message":"This is level 1 ; warn"}
{"level":"info","message":"This is level 2 ; info"}
{"level":"info","message":"Hey !!!!!!!!!!!! :) Server is running on port 3000"}
{"level":"error","message":"This is level 0 ; error"}
{"level":"warn","message":"This is level 1 ; warn"}
{"level":"info","message":"This is level 2 ; info"}
{"level":"info","message":"Hey !!!!!!!!!!!! :) Server is running on port 3000"}
{"level":"error","message":"This is level 0 ; error"}
{"level":"warn","message":"This is level 1 ; warn"}
{"level":"info","message":"This is level 2 ; info"}
{"level":"info","message":"Hey !!!!!!!!!!!! :) Server is running on port 3000"}
{"level":"error","message":"This is level 0 ; error"}
{"level":"warn","message":"This is level 1 ; warn"}
{"level":"info","message":"This is level 2 ; info"}
{"level":"info","message":"Hey !!!!!!!!!!!! :) Server is running on port 3000"}
{"level":"error","message":"This is level 0 ; error"}
{"level":"warn","message":"This is level 1 ; warn"}
{"level":"info","message":"This is level 2 ; info"}
{"level":"info","message":"Hey !!!!!!!!!!!! :) Server is running on port 3000"}
{"level":"error","message":"This is level 0 ; error"}
{"level":"warn","message":"This is level 1 ; warn"}
{"level":"info","message":"This is level 2 ; info"}
{"level":"info","message":"Hey !!!!!!!!!!!! :) Server is running on port 3000"}
{"level":"error","message":"This is level 0 ; error","timestamp":"2023-08-02T17:38:17.950Z"}
{"level":"warn","message":"This is level 1 ; warn","timestamp":"2023-08-02T17:38:17.955Z"}
{"level":"info","message":"This is level 2 ; info","timestamp":"2023-08-02T17:38:17.957Z"}
{"level":"info","message":"Hey !!!!!!!!!!!! :) Server is running on port 3000","timestamp":"2023-08-02T17:38:17.967Z"}
{"level":"error","message":"This is level 0 ; error","timestamp":"2023-08-02T17:39:12.562Z"}
{"level":"warn","message":"This is level 1 ; warn","timestamp":"2023-08-02T17:39:12.567Z"}
{"level":"info","message":"This is level 2 ; info","timestamp":"2023-08-02T17:39:12.568Z"}
{"level":"info","message":"Hey !!!!!!!!!!!! :) Server is running on port 3000","timestamp":"2023-08-02T17:39:12.580Z"}
{"level":"error","message":"This is level 0 ; error","timestamp":"2023-08-02T17:39:51.417Z"}
{"level":"warn","message":"This is level 1 ; warn","timestamp":"2023-08-02T17:39:51.421Z"}
{"level":"info","message":"This is level 2 ; info","timestamp":"2023-08-02T17:39:51.422Z"}
{"level":"info","message":"Hey !!!!!!!!!!!! :) Server is running on port 3000","timestamp":"2023-08-02T17:39:51.431Z"}
{"level":"error","message":"This is level 0 ; error","timestamp":"2023-08-02T17:40:48.072Z"}
{"level":"warn","message":"This is level 1 ; warn","timestamp":"2023-08-02T17:40:48.076Z"}
{"level":"info","message":"This is level 2 ; info","timestamp":"2023-08-02T17:40:48.077Z"}
{"level":"info","message":"Hey !!!!!!!!!!!! :) Server is running on port 3000","timestamp":"2023-08-02T17:40:48.087Z"}
{"level":"error","message":"This is level 0 ; error","timestamp":"2023-08-02T17:44:14.670Z"}
{"level":"warn","message":"This is level 1 ; warn","timestamp":"2023-08-02T17:44:14.674Z"}
{"level":"info","message":"This is level 2 ; info","timestamp":"2023-08-02T17:44:14.675Z"}
{"level":"info","message":"Hey !!!!!!!!!!!! :) Server is running on port 3000","timestamp":"2023-08-02T17:44:14.687Z"}
{"level":"error","message":"This is level 0 ; error","timestamp":"2023-08-02T17:45:00.585Z"}
{"level":"warn","message":"This is level 1 ; warn","timestamp":"2023-08-02T17:45:00.589Z"}
{"level":"info","message":"This is level 2 ; info","timestamp":"2023-08-02T17:45:00.590Z"}
{"level":"info","message":"Hey !!!!!!!!!!!! :) Server is running on port 3000","timestamp":"2023-08-02T17:45:00.603Z"}
{"level":"error","message":"This is level 0 ; error","timestamp":"2023-08-02T17:46:27.300Z"}
{"level":"warn","message":"This is level 1 ; warn","timestamp":"2023-08-02T17:46:27.304Z"}
{"level":"info","message":"This is level 2 ; info","timestamp":"2023-08-02T17:46:27.305Z"}
{"level":"info","message":"Hey !!!!!!!!!!!! :) Server is running on port 3000","timestamp":"2023-08-02T17:46:27.315Z"}
{"level":"error","message":"This is level 0 ; error","timestamp":"2023-08-02T18:08:28.752Z"}
{"level":"warn","message":"This is level 1 ; warn","timestamp":"2023-08-02T18:08:28.756Z"}
{"level":"info","message":"This is level 2 ; info","timestamp":"2023-08-02T18:08:28.756Z"}
{"level":"info","message":"Hey !!!!!!!!!!!! :) Server is running on port 3000","timestamp":"2023-08-02T18:08:28.765Z"}
{"level":"error","message":"This is level 0 ; error","timestamp":"2023-08-02T18:09:50.561Z"}
{"level":"warn","message":"This is level 1 ; warn","timestamp":"2023-08-02T18:09:50.566Z"}
{"level":"info","message":"This is level 2 ; info","timestamp":"2023-08-02T18:09:50.567Z"}
{"level":"info","message":"Hey !!!!!!!!!!!! :) Server is running on port 3000","timestamp":"2023-08-02T18:09:50.575Z"}
{"level":"error","message":"This is level 0 ; error","timestamp":"2023-08-02T18:12:02.852Z"}
{"level":"warn","message":"This is level 1 ; warn","timestamp":"2023-08-02T18:12:02.856Z"}
{"level":"info","message":"This is level 2 ; info","timestamp":"2023-08-02T18:12:02.857Z"}
{"level":"info","message":"Hey !!!!!!!!!!!! :) Server is running on port 3000","timestamp":"2023-08-02T18:12:02.864Z"}
{"level":"error","message":"This is level 0 ; error","timestamp":"2023-08-02T18:14:17.176Z"}
{"level":"warn","message":"This is level 1 ; warn","timestamp":"2023-08-02T18:14:17.179Z"}
{"level":"info","message":"This is level 2 ; info","timestamp":"2023-08-02T18:14:17.180Z"}
{"level":"info","message":"Hey !!!!!!!!!!!! :) Server is running on port 3000","timestamp":"2023-08-02T18:14:17.186Z"}
{"level":"error","message":"This is level 0 ; error","timestamp":"2023-08-02T18:19:02.736Z"}
{"level":"warn","message":"This is level 1 ; warn","timestamp":"2023-08-02T18:19:02.739Z"}
{"level":"info","message":"This is level 2 ; info","timestamp":"2023-08-02T18:19:02.739Z"}
{"level":"info","message":"Hey !!!!!!!!!!!! :) Server is running on port 3000","timestamp":"2023-08-02T18:19:02.743Z"}
{"level":"error","message":"This is level 0 ; error","timestamp":"2023-08-02T18:19:09.163Z"}
{"level":"warn","message":"This is level 1 ; warn","timestamp":"2023-08-02T18:19:09.167Z"}
{"level":"info","message":"This is level 2 ; info","timestamp":"2023-08-02T18:19:09.167Z"}
{"level":"info","message":"Hey !!!!!!!!!!!! :) Server is running on port 3000","timestamp":"2023-08-02T18:19:09.173Z"}
{"level":"error","message":"This is level 0 ; error","timestamp":"2023-08-03T03:26:23.046Z"}
{"level":"warn","message":"This is level 1 ; warn","timestamp":"2023-08-03T03:26:23.051Z"}
{"level":"info","message":"This is level 2 ; info","timestamp":"2023-08-03T03:26:23.052Z"}
{"level":"info","message":"Hey !!!!!!!!!!!! :) Server is running on port 3000","timestamp":"2023-08-03T03:26:23.061Z"}
{"level":"error","message":"This is level 0 ; error","timestamp":"2023-08-03T03:26:38.942Z"}
{"level":"warn","message":"This is level 1 ; warn","timestamp":"2023-08-03T03:26:38.947Z"}
{"level":"info","message":"This is level 2 ; info","timestamp":"2023-08-03T03:26:38.948Z"}
{"level":"info","message":"Hey !!!!!!!!!!!! :) Server is running on port 3000","timestamp":"2023-08-03T03:26:38.961Z"}
{"level":"error","message":"This is level 0 ; error","timestamp":"2023-08-03T03:26:39.142Z"}
{"level":"error","message":"This is level 0 ; error","timestamp":"2023-08-03T03:26:57.253Z"}
{"level":"warn","message":"This is level 1 ; warn","timestamp":"2023-08-03T03:26:57.257Z"}
{"level":"info","message":"This is level 2 ; info","timestamp":"2023-08-03T03:26:57.258Z"}
{"level":"info","message":"Hey !!!!!!!!!!!! :) Server is running on port 3000","timestamp":"2023-08-03T03:26:57.265Z"}
{"level":"error","message":"This is level 0 ; error","timestamp":"2023-08-03T03:26:57.382Z"}
{"level":"error","message":"This is level 0 ; error","timestamp":"2023-08-03T03:27:03.909Z"}
{"level":"warn","message":"This is level 1 ; warn","timestamp":"2023-08-03T03:27:03.914Z"}
{"level":"info","message":"This is level 2 ; info","timestamp":"2023-08-03T03:27:03.915Z"}
{"level":"info","message":"Hey !!!!!!!!!!!! :) Server is running on port 3000","timestamp":"2023-08-03T03:27:03.931Z"}
{"level":"error","message":"This is level 0 ; error","timestamp":"2023-08-03T03:27:04.036Z"}
{"level":"error","message":"This is level 0 ; error","timestamp":"2023-08-03T03:46:17.148Z"}
{"level":"warn","message":"This is level 1 ; warn","timestamp":"2023-08-03T03:46:17.152Z"}
{"level":"info","message":"This is level 2 ; info","timestamp":"2023-08-03T03:46:17.154Z"}
{"level":"info","message":"Hey !!!!!!!!!!!! :) Server is running on port 3000","timestamp":"2023-08-03T03:46:17.164Z"}
{"level":"error","message":"This is level 0 ; error","timestamp":"2023-08-03T03:58:53.956Z"}
{"level":"warn","message":"This is level 1 ; warn","timestamp":"2023-08-03T03:58:53.960Z"}
{"level":"info","message":"This is level 2 ; info","timestamp":"2023-08-03T03:58:53.961Z"}
{"level":"info","message":"Hey !!!!!!!!!!!! :) Server is running on port 3000","timestamp":"2023-08-03T03:58:53.966Z"}
{"level":"error","message":"This is level 0 ; error","timestamp":"2023-08-03T04:01:09.562Z"}
{"level":"warn","message":"This is level 1 ; warn","timestamp":"2023-08-03T04:01:09.567Z"}
{"level":"info","message":"This is level 2 ; info","timestamp":"2023-08-03T04:01:09.568Z"}
{"level":"info","message":"Hey !!!!!!!!!!!! :) Server is running on port 3000","timestamp":"2023-08-03T04:01:09.579Z"}
{"level":"error","message":"This is level 0 ; error","timestamp":"2023-08-03T04:01:45.944Z"}
{"level":"warn","message":"This is level 1 ; warn","timestamp":"2023-08-03T04:01:45.948Z"}
{"level":"info","message":"This is level 2 ; info","timestamp":"2023-08-03T04:01:45.949Z"}
{"level":"info","message":"Hey !!!!!!!!!!!! :) Server is running on port 3000","timestamp":"2023-08-03T04:01:45.958Z"}
{"level":"error","message":"This is level 0 ; error","timestamp":"2023-08-03T04:02:18.490Z"}
{"level":"warn","message":"This is level 1 ; warn","timestamp":"2023-08-03T04:02:18.495Z"}
{"level":"info","message":"This is level 2 ; info","timestamp":"2023-08-03T04:02:18.495Z"}
{"level":"info","message":"Hey !!!!!!!!!!!! :) Server is running on port 3000","timestamp":"2023-08-03T04:02:18.506Z"}
{"level":"error","message":"This is level 0 ; error","timestamp":"2023-08-03T05:19:52.286Z"}
{"level":"warn","message":"This is level 1 ; warn","timestamp":"2023-08-03T05:19:52.295Z"}
{"level":"info","message":"This is level 2 ; info","timestamp":"2023-08-03T05:19:52.296Z"}
{"level":"info","message":"Hey !!!!!!!!!!!! :) Server is running on port 3000","timestamp":"2023-08-03T05:19:52.305Z"}
{"level":"error","message":"This is level 0 ; error","timestamp":"2023-08-03T06:11:15.692Z"}
{"level":"warn","message":"This is level 1 ; warn","timestamp":"2023-08-03T06:11:15.703Z"}
{"level":"info","message":"This is level 2 ; info","timestamp":"2023-08-03T06:11:15.704Z"}
{"level":"info","message":"Hey !!!!!!!!!!!! :) Server is running on port 3000","timestamp":"2023-08-03T06:11:15.715Z"}
{"level":"error","message":"This is level 0 ; error","timestamp":"2023-08-03T06:13:31.966Z"}
{"level":"warn","message":"This is level 1 ; warn","timestamp":"2023-08-03T06:13:31.970Z"}
{"level":"info","message":"This is level 2 ; info","timestamp":"2023-08-03T06:13:31.970Z"}
{"level":"info","message":"Hey !!!!!!!!!!!! :) Server is running on port 3000","timestamp":"2023-08-03T06:13:31.975Z"}
{"level":"error","message":"This is level 0 ; error","timestamp":"2023-08-03T06:13:54.678Z"}
{"level":"error","message":"This is level 0 ; error","timestamp":"2023-08-03T06:14:14.396Z"}
{"level":"warn","message":"This is level 1 ; warn","timestamp":"2023-08-03T06:14:14.401Z"}
{"level":"info","message":"This is level 2 ; info","timestamp":"2023-08-03T06:14:14.402Z"}
{"level":"info","message":"Hey !!!!!!!!!!!! :) Server is running on port 3000","timestamp":"2023-08-03T06:14:14.411Z"}
{"level":"error","message":"This is level 0 ; error","timestamp":"2023-08-03T06:14:14.551Z"}
{"level":"error","message":"This is level 0 ; error","timestamp":"2023-08-03T06:14:45.247Z"}
{"level":"warn","message":"This is level 1 ; warn","timestamp":"2023-08-03T06:14:45.253Z"}
{"level":"info","message":"This is level 2 ; info","timestamp":"2023-08-03T06:14:45.254Z"}
{"level":"info","message":"Hey !!!!!!!!!!!! :) Server is running on port 3000","timestamp":"2023-08-03T06:14:45.260Z"}
{"level":"error","message":"This is level 0 ; error","timestamp":"2023-08-03T06:14:45.403Z"}
{"level":"error","message":"This is level 0 ; error","timestamp":"2023-08-03T06:14:51.112Z"}
{"level":"warn","message":"This is level 1 ; warn","timestamp":"2023-08-03T06:14:51.118Z"}
{"level":"info","message":"This is level 2 ; info","timestamp":"2023-08-03T06:14:51.119Z"}
{"level":"info","message":"Hey !!!!!!!!!!!! :) Server is running on port 3000","timestamp":"2023-08-03T06:14:51.130Z"}
{"level":"error","message":"This is level 0 ; error","timestamp":"2023-08-03T06:14:51.278Z"}
{"level":"error","message":"This is level 0 ; error","timestamp":"2023-08-03T06:46:45.895Z"}
{"level":"warn","message":"This is level 1 ; warn","timestamp":"2023-08-03T06:46:45.906Z"}
{"level":"info","message":"This is level 2 ; info","timestamp":"2023-08-03T06:46:45.907Z"}
{"level":"info","message":"Hey !!!!!!!!!!!! :) Server is running on port 3000","timestamp":"2023-08-03T06:46:45.921Z"}
{"level":"error","message":"This is level 0 ; error","timestamp":"2023-08-03T06:46:45.894Z"}
{"level":"error","message":"This is level 0 ; error","timestamp":"2023-08-03T08:01:05.796Z"}
{"level":"warn","message":"This is level 1 ; warn","timestamp":"2023-08-03T08:01:05.801Z"}
{"level":"info","message":"This is level 2 ; info","timestamp":"2023-08-03T08:01:05.802Z"}
{"level":"info","message":"Hey !!!!!!!!!!!! :) Server is running on port 3000","timestamp":"2023-08-03T08:01:05.808Z"}
{"level":"error","message":"This is level 0 ; error","timestamp":"2023-08-03T09:25:12.243Z"}
{"level":"warn","message":"This is level 1 ; warn","timestamp":"2023-08-03T09:25:12.247Z"}
{"level":"info","message":"This is level 2 ; info","timestamp":"2023-08-03T09:25:12.247Z"}
{"level":"info","message":"Hey !!!!!!!!!!!! :) Server is running on port 3000","timestamp":"2023-08-03T09:25:12.255Z"}
{"level":"error","message":"This is level 0 ; error","timestamp":"2023-08-03T09:25:53.395Z"}
{"level":"warn","message":"This is level 1 ; warn","timestamp":"2023-08-03T09:25:53.399Z"}
{"level":"info","message":"This is level 2 ; info","timestamp":"2023-08-03T09:25:53.400Z"}
{"level":"info","message":"Hey !!!!!!!!!!!! :) Server is running on port 3000","timestamp":"2023-08-03T09:25:53.405Z"}
